[0.026s] Invoking command in '/home/azthorax/fra333_ws/build/lab1_interfaces': CMAKE_PREFIX_PATH=${CMAKE_PREFIX_PATH}:/opt/ros/foxy /usr/bin/cmake --build /home/azthorax/fra333_ws/build/lab1_interfaces -- -j12 -l12
[0.051s] -- Found ament_cmake: 0.9.9 (/opt/ros/foxy/share/ament_cmake/cmake)
[0.069s] -- Found PythonInterp: /usr/bin/python3 (found suitable version "3.8.10", minimum required is "3") 
[0.069s] -- Using PYTHON_EXECUTABLE: /usr/bin/python3
[0.250s] -- Found ament_lint_auto: 0.9.6 (/opt/ros/foxy/share/ament_lint_auto/cmake)
[0.310s] -- Found rosidl_default_generators: 1.0.1 (/opt/ros/foxy/share/rosidl_default_generators/cmake)
[0.311s] -- Using all available rosidl_typesupport_c: rosidl_typesupport_fastrtps_c;rosidl_typesupport_introspection_c
[0.314s] -- Found rosidl_adapter: 1.2.1 (/opt/ros/foxy/share/rosidl_adapter/cmake)
[0.438s] -- Using all available rosidl_typesupport_cpp: rosidl_typesupport_fastrtps_cpp;rosidl_typesupport_introspection_cpp
[0.457s] -- Found std_msgs: 2.0.5 (/opt/ros/foxy/share/std_msgs/cmake)
[0.511s] -- Found PythonInterp: /usr/bin/python3 (found version "3.8.10") 
[0.662s] CMake Error at /opt/ros/foxy/share/rosidl_adapter/cmake/rosidl_adapt_interfaces.cmake:60 (message):
[0.662s]   execute_process(/usr/bin/python3 -m rosidl_adapter --package-name
[0.662s]   lab1_interfaces --arguments-file
[0.663s]   /home/azthorax/fra333_ws/build/lab1_interfaces/rosidl_adapter__arguments__lab1_interfaces.json
[0.663s]   --output-dir
[0.663s]   /home/azthorax/fra333_ws/build/lab1_interfaces/rosidl_adapter/lab1_interfaces
[0.663s]   --output-file
[0.663s]   /home/azthorax/fra333_ws/build/lab1_interfaces/rosidl_adapter/lab1_interfaces.idls)
[0.664s]   returned error code 1:
[0.664s] 
[0.664s]   Error processing 'std_msgs/float64 mean' of
[0.664s]   'lab1_interfaces/SetNoise_Request': ''float64' is an invalid message name.
[0.664s]   It should have the pattern '^[A-Z][A-Za-z0-9]*$''
[0.664s] 
[0.664s]   Traceback (most recent call last):
[0.664s] 
[0.664s]     File "/usr/lib/python3.8/runpy.py", line 194, in _run_module_as_main
[0.665s]       return _run_code(code, main_globals, None,
[0.665s]     File "/usr/lib/python3.8/runpy.py", line 87, in _run_code
[0.665s]       exec(code, run_globals)
[0.665s]     File "/opt/ros/foxy/lib/python3.8/site-packages/rosidl_adapter/__main__.py", line 19, in <module>
[0.665s]       sys.exit(main())
[0.665s]     File "/opt/ros/foxy/lib/python3.8/site-packages/rosidl_adapter/main.py", line 53, in main
[0.665s]       abs_idl_file = convert_to_idl(
[0.665s]     File "/opt/ros/foxy/lib/python3.8/site-packages/rosidl_adapter/__init__.py", line 24, in convert_to_idl
[0.665s]       return convert_srv_to_idl(
[0.665s]     File "/opt/ros/foxy/lib/python3.8/site-packages/rosidl_adapter/srv/__init__.py", line 28, in convert_srv_to_idl
[0.665s]       srv = parse_service_string(package_name, input_file.stem, content)
[0.665s]     File "/opt/ros/foxy/lib/python3.8/site-packages/rosidl_adapter/parser.py", line 852, in parse_service_string
[0.665s]       request_message = parse_message_string(
[0.665s]     File "/opt/ros/foxy/lib/python3.8/site-packages/rosidl_adapter/parser.py", line 516, in parse_message_string
[0.666s]       Type(type_string, context_package_name=pkg_name),
[0.666s]     File "/opt/ros/foxy/lib/python3.8/site-packages/rosidl_adapter/parser.py", line 276, in __init__
[0.666s]       super(Type, self).__init__(
[0.666s]     File "/opt/ros/foxy/lib/python3.8/site-packages/rosidl_adapter/parser.py", line 204, in __init__
[0.666s]       raise InvalidResourceName(
[0.666s] 
[0.666s]   rosidl_adapter.parser.InvalidResourceName: 'float64' is an invalid message
[0.666s]   name.  It should have the pattern '^[A-Z][A-Za-z0-9]*$'
[0.666s] 
[0.666s] Call Stack (most recent call first):
[0.666s]   /opt/ros/foxy/share/rosidl_cmake/cmake/rosidl_generate_interfaces.cmake:130 (rosidl_adapt_interfaces)
[0.666s]   CMakeLists.txt:38 (rosidl_generate_interfaces)
[0.666s] 
[0.666s] 
[0.666s] -- Configuring incomplete, errors occurred!
[0.666s] See also "/home/azthorax/fra333_ws/build/lab1_interfaces/CMakeFiles/CMakeOutput.log".
[0.673s] make: *** [Makefile:748: cmake_check_build_system] Error 1
[0.674s] Invoked command in '/home/azthorax/fra333_ws/build/lab1_interfaces' returned '2': CMAKE_PREFIX_PATH=${CMAKE_PREFIX_PATH}:/opt/ros/foxy /usr/bin/cmake --build /home/azthorax/fra333_ws/build/lab1_interfaces -- -j12 -l12
